2019-May-06 08:53:46.809 INFO  [restartedMain] c.e.f.s.SpringmvcsmarthomeApplication - Starting SpringmvcsmarthomeApplication on DESKTOP-0MA7SCF with PID 15000 (C:\Users\linkx\Documents\workspace-sts-3.9.8.RELEASE\datn_ver_001\datn\server\springmvcsmarthome\target\classes started by linkx in C:\Users\linkx\Documents\workspace-sts-3.9.8.RELEASE\datn_ver_001\datn\server\springmvcsmarthome)
2019-May-06 08:53:46.827 INFO  [restartedMain] c.e.f.s.SpringmvcsmarthomeApplication - No active profile set, falling back to default profiles: default
2019-May-06 08:53:46.933 INFO  [restartedMain] o.s.b.d.e.DevToolsPropertyDefaultsPostProcessor - Devtools property defaults active! Set 'spring.devtools.add-properties' to 'false' to disable
2019-May-06 08:53:46.948 INFO  [restartedMain] o.s.b.d.e.DevToolsPropertyDefaultsPostProcessor - For additional web related logging consider setting the 'logging.level.web' property to 'DEBUG'
2019-May-06 08:53:48.653 INFO  [restartedMain] o.s.d.r.c.RepositoryConfigurationDelegate - Bootstrapping Spring Data repositories in DEFAULT mode.
2019-May-06 08:53:48.675 DEBUG [restartedMain] o.s.d.r.c.RepositoryConfigurationDelegate - Scanning for repositories in packages com.edu.fa.springmvcsmarthome.repositories.
2019-May-06 08:53:48.700 DEBUG [restartedMain] o.s.d.r.c.RepositoryComponentProvider - Identified candidate component class: file [C:\Users\linkx\Documents\workspace-sts-3.9.8.RELEASE\datn_ver_001\datn\server\springmvcsmarthome\target\classes\com\edu\fa\springmvcsmarthome\repositories\AirConditionerRepository.class]
2019-May-06 08:53:48.701 DEBUG [restartedMain] o.s.d.r.c.RepositoryComponentProvider - Identified candidate component class: file [C:\Users\linkx\Documents\workspace-sts-3.9.8.RELEASE\datn_ver_001\datn\server\springmvcsmarthome\target\classes\com\edu\fa\springmvcsmarthome\repositories\AutomationStateRepository.class]
2019-May-06 08:53:48.703 DEBUG [restartedMain] o.s.d.r.c.RepositoryComponentProvider - Identified candidate component class: file [C:\Users\linkx\Documents\workspace-sts-3.9.8.RELEASE\datn_ver_001\datn\server\springmvcsmarthome\target\classes\com\edu\fa\springmvcsmarthome\repositories\HumidityRepository.class]
2019-May-06 08:53:48.704 DEBUG [restartedMain] o.s.d.r.c.RepositoryComponentProvider - Identified candidate component class: file [C:\Users\linkx\Documents\workspace-sts-3.9.8.RELEASE\datn_ver_001\datn\server\springmvcsmarthome\target\classes\com\edu\fa\springmvcsmarthome\repositories\LedRepository.class]
2019-May-06 08:53:48.705 DEBUG [restartedMain] o.s.d.r.c.RepositoryComponentProvider - Identified candidate component class: file [C:\Users\linkx\Documents\workspace-sts-3.9.8.RELEASE\datn_ver_001\datn\server\springmvcsmarthome\target\classes\com\edu\fa\springmvcsmarthome\repositories\LightDependentResistorRepository.class]
2019-May-06 08:53:48.706 DEBUG [restartedMain] o.s.d.r.c.RepositoryComponentProvider - Identified candidate component class: file [C:\Users\linkx\Documents\workspace-sts-3.9.8.RELEASE\datn_ver_001\datn\server\springmvcsmarthome\target\classes\com\edu\fa\springmvcsmarthome\repositories\RainWaterSensorRepostitory.class]
2019-May-06 08:53:48.707 DEBUG [restartedMain] o.s.d.r.c.RepositoryComponentProvider - Identified candidate component class: file [C:\Users\linkx\Documents\workspace-sts-3.9.8.RELEASE\datn_ver_001\datn\server\springmvcsmarthome\target\classes\com\edu\fa\springmvcsmarthome\repositories\SequenceRepository.class]
2019-May-06 08:53:48.710 DEBUG [restartedMain] o.s.d.r.c.RepositoryComponentProvider - Identified candidate component class: file [C:\Users\linkx\Documents\workspace-sts-3.9.8.RELEASE\datn_ver_001\datn\server\springmvcsmarthome\target\classes\com\edu\fa\springmvcsmarthome\repositories\TemperatureRepository.class]
2019-May-06 08:53:48.711 DEBUG [restartedMain] o.s.d.r.c.RepositoryComponentProvider - Identified candidate component class: file [C:\Users\linkx\Documents\workspace-sts-3.9.8.RELEASE\datn_ver_001\datn\server\springmvcsmarthome\target\classes\com\edu\fa\springmvcsmarthome\repositories\UserAccountRepository.class]
2019-May-06 08:53:48.932 INFO  [restartedMain] o.s.d.r.c.RepositoryConfigurationDelegate - Finished Spring Data repository scanning in 255ms. Found 9 repository interfaces.
2019-May-06 08:53:50.974 INFO  [restartedMain] o.s.b.w.e.t.TomcatWebServer - Tomcat initialized with port(s): 8080 (http)
2019-May-06 08:53:51.038 INFO  [restartedMain] o.a.c.c.StandardService - Starting service [Tomcat]
2019-May-06 08:53:51.041 INFO  [restartedMain] o.a.c.c.StandardEngine - Starting Servlet engine: [Apache Tomcat/9.0.19]
2019-May-06 08:53:51.056 INFO  [restartedMain] o.a.c.c.AprLifecycleListener - An older version [1.2.19] of the APR based Apache Tomcat Native library is installed, while Tomcat recommends a minimum version of [1.2.21]
2019-May-06 08:53:51.058 INFO  [restartedMain] o.a.c.c.AprLifecycleListener - Loaded APR based Apache Tomcat Native library [1.2.19] using APR version [1.6.5].
2019-May-06 08:53:51.059 INFO  [restartedMain] o.a.c.c.AprLifecycleListener - APR capabilities: IPv6 [true], sendfile [true], accept filters [false], random [true].
2019-May-06 08:53:51.059 INFO  [restartedMain] o.a.c.c.AprLifecycleListener - APR/OpenSSL configuration: useAprConnector [false], useOpenSSL [true]
2019-May-06 08:53:51.081 INFO  [restartedMain] o.a.c.c.AprLifecycleListener - OpenSSL successfully initialized [OpenSSL 1.1.1a  20 Nov 2018]
2019-May-06 08:53:51.269 INFO  [restartedMain] o.a.c.c.C.[.[.[/] - Initializing Spring embedded WebApplicationContext
2019-May-06 08:53:51.270 INFO  [restartedMain] o.s.w.c.ContextLoader - Root WebApplicationContext: initialization completed in 4321 ms
2019-May-06 08:53:53.326 INFO  [restartedMain] o.m.d.cluster - Cluster created with settings {hosts=[127.0.0.1:27017], mode=SINGLE, requiredClusterType=UNKNOWN, serverSelectionTimeout='30000 ms', maxWaitQueueSize=500}
2019-May-06 08:53:53.553 INFO  [cluster-ClusterId{value='5ccf93b1eef7b7446c4654d0', description='null'}-127.0.0.1:27017] o.m.d.connection - Opened connection [connectionId{localValue:1, serverValue:1}] to 127.0.0.1:27017
2019-May-06 08:53:53.561 INFO  [cluster-ClusterId{value='5ccf93b1eef7b7446c4654d0', description='null'}-127.0.0.1:27017] o.m.d.cluster - Monitor thread successfully connected to server with description ServerDescription{address=127.0.0.1:27017, type=STANDALONE, state=CONNECTED, ok=true, version=ServerVersion{versionList=[4, 0, 6]}, minWireVersion=0, maxWireVersion=7, maxDocumentSize=16777216, logicalSessionTimeoutMinutes=30, roundTripTimeNanos=3639500}
2019-May-06 08:53:54.322 DEBUG [restartedMain] o.s.d.r.c.s.RepositoryFactorySupport - Initializing repository instance for com.edu.fa.springmvcsmarthome.repositories.UserAccountRepository…
2019-May-06 08:53:54.572 DEBUG [restartedMain] o.s.d.r.c.s.RepositoryFactorySupport - Finished creation of repository instance for com.edu.fa.springmvcsmarthome.repositories.UserAccountRepository.
2019-May-06 08:53:54.753 INFO  [restartedMain] o.s.b.d.a.OptionalLiveReloadServer - LiveReload server is running on port 35729
2019-May-06 08:53:54.759 DEBUG [restartedMain] o.s.d.m.c.i.MongoPersistentEntityIndexCreator - Analyzing class class com.edu.fa.springmvcsmarthome.entities.Role for index information.
2019-May-06 08:53:54.771 DEBUG [restartedMain] o.s.d.m.c.i.MongoPersistentEntityIndexCreator - Analyzing class class com.edu.fa.springmvcsmarthome.entities.UserAccount for index information.
2019-May-06 08:53:54.799 DEBUG [restartedMain] o.s.d.r.c.s.RepositoryFactorySupport - Initializing repository instance for com.edu.fa.springmvcsmarthome.repositories.AirConditionerRepository…
2019-May-06 08:53:54.818 DEBUG [restartedMain] o.s.d.m.c.i.MongoPersistentEntityIndexCreator - Analyzing class class com.edu.fa.springmvcsmarthome.entities.AirConditioner for index information.
2019-May-06 08:53:54.830 DEBUG [restartedMain] o.s.d.r.c.s.RepositoryFactorySupport - Finished creation of repository instance for com.edu.fa.springmvcsmarthome.repositories.AirConditionerRepository.
2019-May-06 08:53:54.838 DEBUG [restartedMain] o.s.d.r.c.s.RepositoryFactorySupport - Initializing repository instance for com.edu.fa.springmvcsmarthome.repositories.SequenceRepository…
2019-May-06 08:53:54.845 DEBUG [restartedMain] o.s.d.m.c.i.MongoPersistentEntityIndexCreator - Analyzing class class com.edu.fa.springmvcsmarthome.entities.Sequence for index information.
2019-May-06 08:53:54.850 DEBUG [restartedMain] o.s.d.r.c.s.RepositoryFactorySupport - Finished creation of repository instance for com.edu.fa.springmvcsmarthome.repositories.SequenceRepository.
2019-May-06 08:53:54.903 DEBUG [restartedMain] o.s.d.r.c.s.RepositoryFactorySupport - Initializing repository instance for com.edu.fa.springmvcsmarthome.repositories.AutomationStateRepository…
2019-May-06 08:53:54.912 DEBUG [restartedMain] o.s.d.m.c.i.MongoPersistentEntityIndexCreator - Analyzing class class com.edu.fa.springmvcsmarthome.entities.Automation for index information.
2019-May-06 08:53:54.919 DEBUG [restartedMain] o.s.d.r.c.s.RepositoryFactorySupport - Finished creation of repository instance for com.edu.fa.springmvcsmarthome.repositories.AutomationStateRepository.
2019-May-06 08:53:54.933 DEBUG [restartedMain] o.s.d.r.c.s.RepositoryFactorySupport - Initializing repository instance for com.edu.fa.springmvcsmarthome.repositories.LedRepository…
2019-May-06 08:53:54.944 DEBUG [restartedMain] o.s.d.m.c.i.MongoPersistentEntityIndexCreator - Analyzing class class com.edu.fa.springmvcsmarthome.entities.Led for index information.
2019-May-06 08:53:54.953 DEBUG [restartedMain] o.s.d.r.c.s.RepositoryFactorySupport - Finished creation of repository instance for com.edu.fa.springmvcsmarthome.repositories.LedRepository.
2019-May-06 08:53:54.995 DEBUG [restartedMain] o.s.d.r.c.s.RepositoryFactorySupport - Initializing repository instance for com.edu.fa.springmvcsmarthome.repositories.HumidityRepository…
2019-May-06 08:53:55.003 DEBUG [restartedMain] o.s.d.m.c.i.MongoPersistentEntityIndexCreator - Analyzing class class com.edu.fa.springmvcsmarthome.entities.Humidity for index information.
2019-May-06 08:53:55.015 DEBUG [restartedMain] o.s.d.r.c.s.RepositoryFactorySupport - Finished creation of repository instance for com.edu.fa.springmvcsmarthome.repositories.HumidityRepository.
2019-May-06 08:53:55.024 DEBUG [restartedMain] o.s.d.r.c.s.RepositoryFactorySupport - Initializing repository instance for com.edu.fa.springmvcsmarthome.repositories.LightDependentResistorRepository…
2019-May-06 08:53:55.031 DEBUG [restartedMain] o.s.d.m.c.i.MongoPersistentEntityIndexCreator - Analyzing class class com.edu.fa.springmvcsmarthome.entities.LightDependentResistor for index information.
2019-May-06 08:53:55.038 DEBUG [restartedMain] o.s.d.r.c.s.RepositoryFactorySupport - Finished creation of repository instance for com.edu.fa.springmvcsmarthome.repositories.LightDependentResistorRepository.
2019-May-06 08:53:55.047 DEBUG [restartedMain] o.s.d.r.c.s.RepositoryFactorySupport - Initializing repository instance for com.edu.fa.springmvcsmarthome.repositories.RainWaterSensorRepostitory…
2019-May-06 08:53:55.056 DEBUG [restartedMain] o.s.d.m.c.i.MongoPersistentEntityIndexCreator - Analyzing class class com.edu.fa.springmvcsmarthome.entities.RainWaterSensor for index information.
2019-May-06 08:53:55.062 DEBUG [restartedMain] o.s.d.r.c.s.RepositoryFactorySupport - Finished creation of repository instance for com.edu.fa.springmvcsmarthome.repositories.RainWaterSensorRepostitory.
2019-May-06 08:53:55.071 DEBUG [restartedMain] o.s.d.r.c.s.RepositoryFactorySupport - Initializing repository instance for com.edu.fa.springmvcsmarthome.repositories.TemperatureRepository…
2019-May-06 08:53:55.079 DEBUG [restartedMain] o.s.d.m.c.i.MongoPersistentEntityIndexCreator - Analyzing class class com.edu.fa.springmvcsmarthome.entities.Temperature for index information.
2019-May-06 08:53:55.084 DEBUG [restartedMain] o.s.d.r.c.s.RepositoryFactorySupport - Finished creation of repository instance for com.edu.fa.springmvcsmarthome.repositories.TemperatureRepository.
2019-May-06 08:53:55.275 INFO  [restartedMain] o.s.s.w.DefaultSecurityFilterChain - Creating filter chain: Ant [pattern='/api/**'], [org.springframework.security.web.context.request.async.WebAsyncManagerIntegrationFilter@16514e95, org.springframework.security.web.context.SecurityContextPersistenceFilter@ecbaa4c, org.springframework.security.web.header.HeaderWriterFilter@1f8d6209, org.springframework.security.web.authentication.logout.LogoutFilter@15bd201a, com.edu.fa.springmvcsmarthome.securities.AuthenticationTokenFilter@1260eb27, org.springframework.security.web.authentication.www.BasicAuthenticationFilter@1c40fe21, org.springframework.security.web.savedrequest.RequestCacheAwareFilter@b1351ee, org.springframework.security.web.servletapi.SecurityContextHolderAwareRequestFilter@30acc1c9, org.springframework.security.web.authentication.AnonymousAuthenticationFilter@63dd678e, org.springframework.security.web.session.SessionManagementFilter@7a9393ae, org.springframework.security.web.access.ExceptionTranslationFilter@3cca1ca4, org.springframework.security.web.access.intercept.FilterSecurityInterceptor@763b0c54]
2019-May-06 08:53:55.889 INFO  [restartedMain] o.s.b.w.e.t.TomcatWebServer - Tomcat started on port(s): 8080 (http) with context path ''
2019-May-06 08:53:55.896 INFO  [restartedMain] c.e.f.s.SpringmvcsmarthomeApplication - Started SpringmvcsmarthomeApplication in 9.773 seconds (JVM running for 11.766)
2019-May-06 08:54:47.556 INFO  [http-nio-8080-exec-1] o.a.c.c.C.[.[.[/] - Initializing Spring DispatcherServlet 'dispatcherServlet'
2019-May-06 08:54:47.558 INFO  [http-nio-8080-exec-1] o.s.w.s.DispatcherServlet - Initializing Servlet 'dispatcherServlet'
2019-May-06 08:54:47.575 INFO  [http-nio-8080-exec-1] o.s.w.s.DispatcherServlet - Completed initialization in 15 ms
2019-May-06 08:54:47.767 DEBUG [http-nio-8080-exec-1] o.s.d.m.r.q.MongoQueryCreator - Created query Query: { "username" : "admin"}, Fields: {}, Sort: {}
2019-May-06 08:54:47.784 DEBUG [http-nio-8080-exec-1] o.s.d.m.c.MongoTemplate - find using query: { "Username" : "admin"} fields: Document{{}} for class: class com.edu.fa.springmvcsmarthome.entities.UserAccount in collection: UserAccount
2019-May-06 08:54:47.830 INFO  [http-nio-8080-exec-1] o.m.d.connection - Opened connection [connectionId{localValue:2, serverValue:2}] to 127.0.0.1:27017
2019-May-06 08:54:47.930 DEBUG [http-nio-8080-exec-1] o.s.d.m.r.q.MongoQueryCreator - Created query Query: { "username" : "admin"}, Fields: {}, Sort: {}
2019-May-06 08:54:47.933 DEBUG [http-nio-8080-exec-1] o.s.d.m.c.MongoTemplate - find using query: { "Username" : "admin"} fields: Document{{}} for class: class com.edu.fa.springmvcsmarthome.entities.UserAccount in collection: UserAccount
2019-May-06 08:54:47.962 INFO  [http-nio-8080-exec-1] c.e.f.s.a.LoggingAspect - ****LoggingAspect.logGetCurrentLedStt() : execution(public java.util.Optional com.edu.fa.springmvcsmarthome.services.impl.LedServiceImpl.getCurrentLedStt())
2019-May-06 08:54:47.970 DEBUG [http-nio-8080-exec-1] o.s.d.m.r.q.MongoQueryCreator - Created query Query: {}, Fields: {}, Sort: { "ledId" : -1}
2019-May-06 08:54:47.970 DEBUG [http-nio-8080-exec-1] o.s.d.m.c.MongoTemplate - find using query: {} fields: Document{{}} for class: class com.edu.fa.springmvcsmarthome.entities.Led in collection: Led
2019-May-06 08:54:47.996 DEBUG [http-nio-8080-exec-1] o.s.d.m.r.q.MongoQueryCreator - Created query Query: {}, Fields: {}, Sort: { "humidityId" : -1}
2019-May-06 08:54:47.996 DEBUG [http-nio-8080-exec-1] o.s.d.m.c.MongoTemplate - find using query: {} fields: Document{{}} for class: class com.edu.fa.springmvcsmarthome.entities.Humidity in collection: Humidity
2019-May-06 08:54:48.014 DEBUG [http-nio-8080-exec-1] o.s.d.m.r.q.MongoQueryCreator - Created query Query: {}, Fields: {}, Sort: { "id" : -1}
2019-May-06 08:54:48.015 DEBUG [http-nio-8080-exec-1] o.s.d.m.c.MongoTemplate - find using query: {} fields: Document{{}} for class: class com.edu.fa.springmvcsmarthome.entities.LightDependentResistor in collection: LightDependentResistor
2019-May-06 08:54:48.031 DEBUG [http-nio-8080-exec-1] o.s.d.m.r.q.MongoQueryCreator - Created query Query: {}, Fields: {}, Sort: { "temperatureId" : -1}
2019-May-06 08:54:48.032 DEBUG [http-nio-8080-exec-1] o.s.d.m.c.MongoTemplate - find using query: {} fields: Document{{}} for class: class com.edu.fa.springmvcsmarthome.entities.Temperature in collection: Temperature
2019-May-06 08:54:48.048 DEBUG [http-nio-8080-exec-1] o.s.d.m.r.q.MongoQueryCreator - Created query Query: {}, Fields: {}, Sort: { "rainId" : -1}
2019-May-06 08:54:48.049 DEBUG [http-nio-8080-exec-1] o.s.d.m.c.MongoTemplate - find using query: {} fields: Document{{}} for class: class com.edu.fa.springmvcsmarthome.entities.RainWaterSensor in collection: RainWaterSensor
2019-May-06 08:54:48.067 DEBUG [http-nio-8080-exec-1] o.s.d.m.r.q.MongoQueryCreator - Created query Query: {}, Fields: {}, Sort: { "id" : -1}
2019-May-06 08:54:48.068 DEBUG [http-nio-8080-exec-1] o.s.d.m.c.MongoTemplate - find using query: {} fields: Document{{}} for class: class com.edu.fa.springmvcsmarthome.entities.AirConditioner in collection: AirConditioner
2019-May-06 08:54:48.082 DEBUG [http-nio-8080-exec-1] o.s.d.m.c.MongoTemplate - findOne using query: { "id" : 1} fields: Document{{}} for class: class com.edu.fa.springmvcsmarthome.entities.Automation in collection: AutomationState
2019-May-06 08:54:48.084 DEBUG [http-nio-8080-exec-1] o.s.d.m.c.MongoTemplate - findOne using query: { "_id" : 1} fields: {} in db.collection: HomeIoT.AutomationState
2019-May-06 09:04:36.757 INFO  [RMI TCP Connection(2)-127.0.0.1] o.s.b.a.SpringApplicationAdminMXBeanRegistrar$SpringApplicationAdmin - Application shutdown requested.
